c:\users\bgjun\documents\visual studio 2022\projects\실험실\테트리스\테트리스\x64\debug\vc143.pdb
c:\users\bgjun\documents\visual studio 2022\projects\실험실\테트리스\테트리스\x64\debug\vc143.idb
c:\users\bgjun\documents\visual studio 2022\projects\실험실\테트리스\테트리스\x64\debug\timer.obj
c:\users\bgjun\documents\visual studio 2022\projects\실험실\테트리스\테트리스\x64\debug\point.obj
c:\users\bgjun\documents\visual studio 2022\projects\실험실\테트리스\테트리스\x64\debug\keyboard.obj
c:\users\bgjun\documents\visual studio 2022\projects\실험실\테트리스\테트리스\x64\debug\character.obj
c:\users\bgjun\documents\visual studio 2022\projects\실험실\테트리스\테트리스\x64\debug\turboc.obj
c:\users\bgjun\documents\visual studio 2022\projects\실험실\테트리스\테트리스\x64\debug\main.obj
c:\users\bgjun\documents\visual studio 2022\projects\실험실\테트리스\테트리스\x64\debug\doublescreen.obj
c:\users\bgjun\documents\visual studio 2022\projects\실험실\테트리스\테트리스\x64\debug\playerinfo.obj
c:\users\bgjun\documents\visual studio 2022\projects\실험실\테트리스\테트리스\x64\debug\rgba.obj
c:\users\bgjun\documents\visual studio 2022\projects\실험실\테트리스\테트리스\x64\debug\block.obj
c:\users\bgjun\documents\visual studio 2022\projects\실험실\테트리스\x64\debug\테트리스.pdb
c:\users\bgjun\documents\visual studio 2022\projects\실험실\테트리스\테트리스\x64\debug\테트리스.tlog\cl.command.1.tlog
c:\users\bgjun\documents\visual studio 2022\projects\실험실\테트리스\테트리스\x64\debug\테트리스.tlog\cl.read.1.tlog
c:\users\bgjun\documents\visual studio 2022\projects\실험실\테트리스\테트리스\x64\debug\테트리스.tlog\cl.write.1.tlog
c:\users\bgjun\documents\visual studio 2022\projects\실험실\테트리스\테트리스\x64\debug\테트리스.tlog\link-cvtres.read.1.tlog
c:\users\bgjun\documents\visual studio 2022\projects\실험실\테트리스\테트리스\x64\debug\테트리스.tlog\link-cvtres.write.1.tlog
c:\users\bgjun\documents\visual studio 2022\projects\실험실\테트리스\테트리스\x64\debug\테트리스.tlog\link-rc.read.1.tlog
c:\users\bgjun\documents\visual studio 2022\projects\실험실\테트리스\테트리스\x64\debug\테트리스.tlog\link-rc.write.1.tlog
c:\users\bgjun\documents\visual studio 2022\projects\실험실\테트리스\테트리스\x64\debug\테트리스.tlog\link.38808-cvtres.read.1.tlog
c:\users\bgjun\documents\visual studio 2022\projects\실험실\테트리스\테트리스\x64\debug\테트리스.tlog\link.38808-cvtres.write.1.tlog
c:\users\bgjun\documents\visual studio 2022\projects\실험실\테트리스\테트리스\x64\debug\테트리스.tlog\link.38808-rc.read.1.tlog
c:\users\bgjun\documents\visual studio 2022\projects\실험실\테트리스\테트리스\x64\debug\테트리스.tlog\link.38808-rc.write.1.tlog
c:\users\bgjun\documents\visual studio 2022\projects\실험실\테트리스\테트리스\x64\debug\테트리스.tlog\link.38808.read.1.tlog
c:\users\bgjun\documents\visual studio 2022\projects\실험실\테트리스\테트리스\x64\debug\테트리스.tlog\link.38808.read.3.tlog
c:\users\bgjun\documents\visual studio 2022\projects\실험실\테트리스\테트리스\x64\debug\테트리스.tlog\link.38808.write.1.tlog
c:\users\bgjun\documents\visual studio 2022\projects\실험실\테트리스\테트리스\x64\debug\테트리스.tlog\link.command.1.tlog
c:\users\bgjun\documents\visual studio 2022\projects\실험실\테트리스\테트리스\x64\debug\테트리스.tlog\link.read.1.tlog
c:\users\bgjun\documents\visual studio 2022\projects\실험실\테트리스\테트리스\x64\debug\테트리스.tlog\link.read.2.tlog
c:\users\bgjun\documents\visual studio 2022\projects\실험실\테트리스\테트리스\x64\debug\테트리스.tlog\link.read.3.tlog
c:\users\bgjun\documents\visual studio 2022\projects\실험실\테트리스\테트리스\x64\debug\테트리스.tlog\link.write.1.tlog
